[13-Aug-2020 09:38:25 Asia/Tehran] PHP Deprecated:  __autoload() is deprecated, use spl_autoload_register() instead in C:\wamp64\www\Matrix\system\core.php on line 2
[13-Aug-2020 09:38:25 Asia/Tehran] PHP Stack trace:
[13-Aug-2020 09:38:25 Asia/Tehran] PHP   1. {main}() C:\wamp64\www\Matrix\index.php:0
[13-Aug-2020 09:38:25 Asia/Tehran] PHP   2. require_once() C:\wamp64\www\Matrix\index.php:2
[13-Aug-2020 09:38:25 Asia/Tehran] PHP   3. require_once() C:\wamp64\www\Matrix\route.php:2
[13-Aug-2020 09:43:21 Asia/Tehran] PHP Notice:  Undefined offset: 2 in C:\wamp64\www\Matrix\route.php on line 9
[13-Aug-2020 09:43:21 Asia/Tehran] PHP Stack trace:
[13-Aug-2020 09:43:21 Asia/Tehran] PHP   1. {main}() C:\wamp64\www\Matrix\index.php:0
[13-Aug-2020 09:43:21 Asia/Tehran] PHP   2. require_once() C:\wamp64\www\Matrix\index.php:2
[13-Aug-2020 10:14:11 Asia/Tehran] PHP Fatal error:  Uncaught Error: Class 'View' not found in C:\wamp64\www\Matrix\mvc\controller\user.php:32
Stack trace:
#0 C:\wamp64\www\Matrix\mvc\controller\user.php(10): UserController->loginForm()
#1 C:\wamp64\www\Matrix\route.php(12): UserController->login()
#2 C:\wamp64\www\Matrix\index.php(2): require_once('C:\\wamp64\\www\\M...')
#3 {main}
  thrown in C:\wamp64\www\Matrix\mvc\controller\user.php on line 32
[13-Aug-2020 10:14:37 Asia/Tehran] PHP Notice:  Undefined variable: title in C:\wamp64\www\Matrix\theme\defualt.php on line 4
[13-Aug-2020 10:14:37 Asia/Tehran] PHP Stack trace:
[13-Aug-2020 10:14:37 Asia/Tehran] PHP   1. {main}() C:\wamp64\www\Matrix\index.php:0
[13-Aug-2020 10:14:37 Asia/Tehran] PHP   2. require_once() C:\wamp64\www\Matrix\index.php:2
[13-Aug-2020 10:14:37 Asia/Tehran] PHP   3. UserController->login() C:\wamp64\www\Matrix\route.php:12
[13-Aug-2020 10:14:37 Asia/Tehran] PHP   4. UserController->loginForm() C:\wamp64\www\Matrix\mvc\controller\user.php:10
[13-Aug-2020 10:14:37 Asia/Tehran] PHP   5. View::render() C:\wamp64\www\Matrix\mvc\controller\user.php:32
[13-Aug-2020 10:14:37 Asia/Tehran] PHP   6. require_once() C:\wamp64\www\Matrix\system\view.php:9
[13-Aug-2020 10:14:37 Asia/Tehran] PHP Notice:  Undefined variable: contect in C:\wamp64\www\Matrix\theme\defualt.php on line 10
[13-Aug-2020 10:14:37 Asia/Tehran] PHP Stack trace:
[13-Aug-2020 10:14:37 Asia/Tehran] PHP   1. {main}() C:\wamp64\www\Matrix\index.php:0
[13-Aug-2020 10:14:37 Asia/Tehran] PHP   2. require_once() C:\wamp64\www\Matrix\index.php:2
[13-Aug-2020 10:14:37 Asia/Tehran] PHP   3. UserController->login() C:\wamp64\www\Matrix\route.php:12
[13-Aug-2020 10:14:37 Asia/Tehran] PHP   4. UserController->loginForm() C:\wamp64\www\Matrix\mvc\controller\user.php:10
[13-Aug-2020 10:14:37 Asia/Tehran] PHP   5. View::render() C:\wamp64\www\Matrix\mvc\controller\user.php:32
[13-Aug-2020 10:14:37 Asia/Tehran] PHP   6. require_once() C:\wamp64\www\Matrix\system\view.php:9
[13-Aug-2020 10:18:45 Asia/Tehran] PHP Notice:  Undefined variable: contect in C:\wamp64\www\Matrix\theme\defualt.php on line 10
[13-Aug-2020 10:18:45 Asia/Tehran] PHP Stack trace:
[13-Aug-2020 10:18:45 Asia/Tehran] PHP   1. {main}() C:\wamp64\www\Matrix\index.php:0
[13-Aug-2020 10:18:45 Asia/Tehran] PHP   2. require_once() C:\wamp64\www\Matrix\index.php:2
[13-Aug-2020 10:18:45 Asia/Tehran] PHP   3. UserController->login() C:\wamp64\www\Matrix\route.php:12
[13-Aug-2020 10:18:45 Asia/Tehran] PHP   4. UserController->loginForm() C:\wamp64\www\Matrix\mvc\controller\user.php:10
[13-Aug-2020 10:18:45 Asia/Tehran] PHP   5. View::render() C:\wamp64\www\Matrix\mvc\controller\user.php:32
[13-Aug-2020 10:18:45 Asia/Tehran] PHP   6. require_once() C:\wamp64\www\Matrix\system\view.php:9
[13-Aug-2020 10:18:46 Asia/Tehran] PHP Notice:  Undefined variable: contect in C:\wamp64\www\Matrix\theme\defualt.php on line 10
[13-Aug-2020 10:18:46 Asia/Tehran] PHP Stack trace:
[13-Aug-2020 10:18:46 Asia/Tehran] PHP   1. {main}() C:\wamp64\www\Matrix\index.php:0
[13-Aug-2020 10:18:46 Asia/Tehran] PHP   2. require_once() C:\wamp64\www\Matrix\index.php:2
[13-Aug-2020 10:18:46 Asia/Tehran] PHP   3. UserController->login() C:\wamp64\www\Matrix\route.php:12
[13-Aug-2020 10:18:46 Asia/Tehran] PHP   4. UserController->loginForm() C:\wamp64\www\Matrix\mvc\controller\user.php:10
[13-Aug-2020 10:18:46 Asia/Tehran] PHP   5. View::render() C:\wamp64\www\Matrix\mvc\controller\user.php:32
[13-Aug-2020 10:18:46 Asia/Tehran] PHP   6. require_once() C:\wamp64\www\Matrix\system\view.php:9
[13-Aug-2020 10:18:46 Asia/Tehran] PHP Notice:  Undefined variable: contect in C:\wamp64\www\Matrix\theme\defualt.php on line 10
[13-Aug-2020 10:18:46 Asia/Tehran] PHP Stack trace:
[13-Aug-2020 10:18:46 Asia/Tehran] PHP   1. {main}() C:\wamp64\www\Matrix\index.php:0
[13-Aug-2020 10:18:46 Asia/Tehran] PHP   2. require_once() C:\wamp64\www\Matrix\index.php:2
[13-Aug-2020 10:18:46 Asia/Tehran] PHP   3. UserController->login() C:\wamp64\www\Matrix\route.php:12
[13-Aug-2020 10:18:46 Asia/Tehran] PHP   4. UserController->loginForm() C:\wamp64\www\Matrix\mvc\controller\user.php:10
[13-Aug-2020 10:18:46 Asia/Tehran] PHP   5. View::render() C:\wamp64\www\Matrix\mvc\controller\user.php:32
[13-Aug-2020 10:18:46 Asia/Tehran] PHP   6. require_once() C:\wamp64\www\Matrix\system\view.php:9
[13-Aug-2020 10:18:46 Asia/Tehran] PHP Notice:  Undefined variable: contect in C:\wamp64\www\Matrix\theme\defualt.php on line 10
[13-Aug-2020 10:18:46 Asia/Tehran] PHP Stack trace:
[13-Aug-2020 10:18:46 Asia/Tehran] PHP   1. {main}() C:\wamp64\www\Matrix\index.php:0
[13-Aug-2020 10:18:46 Asia/Tehran] PHP   2. require_once() C:\wamp64\www\Matrix\index.php:2
[13-Aug-2020 10:18:46 Asia/Tehran] PHP   3. UserController->login() C:\wamp64\www\Matrix\route.php:12
[13-Aug-2020 10:18:46 Asia/Tehran] PHP   4. UserController->loginForm() C:\wamp64\www\Matrix\mvc\controller\user.php:10
[13-Aug-2020 10:18:46 Asia/Tehran] PHP   5. View::render() C:\wamp64\www\Matrix\mvc\controller\user.php:32
[13-Aug-2020 10:18:46 Asia/Tehran] PHP   6. require_once() C:\wamp64\www\Matrix\system\view.php:9
[13-Aug-2020 10:18:46 Asia/Tehran] PHP Notice:  Undefined variable: contect in C:\wamp64\www\Matrix\theme\defualt.php on line 10
[13-Aug-2020 10:18:46 Asia/Tehran] PHP Stack trace:
[13-Aug-2020 10:18:46 Asia/Tehran] PHP   1. {main}() C:\wamp64\www\Matrix\index.php:0
[13-Aug-2020 10:18:46 Asia/Tehran] PHP   2. require_once() C:\wamp64\www\Matrix\index.php:2
[13-Aug-2020 10:18:46 Asia/Tehran] PHP   3. UserController->login() C:\wamp64\www\Matrix\route.php:12
[13-Aug-2020 10:18:46 Asia/Tehran] PHP   4. UserController->loginForm() C:\wamp64\www\Matrix\mvc\controller\user.php:10
[13-Aug-2020 10:18:46 Asia/Tehran] PHP   5. View::render() C:\wamp64\www\Matrix\mvc\controller\user.php:32
[13-Aug-2020 10:18:46 Asia/Tehran] PHP   6. require_once() C:\wamp64\www\Matrix\system\view.php:9
[13-Aug-2020 10:18:46 Asia/Tehran] PHP Notice:  Undefined variable: contect in C:\wamp64\www\Matrix\theme\defualt.php on line 10
[13-Aug-2020 10:18:46 Asia/Tehran] PHP Stack trace:
[13-Aug-2020 10:18:46 Asia/Tehran] PHP   1. {main}() C:\wamp64\www\Matrix\index.php:0
[13-Aug-2020 10:18:46 Asia/Tehran] PHP   2. require_once() C:\wamp64\www\Matrix\index.php:2
[13-Aug-2020 10:18:46 Asia/Tehran] PHP   3. UserController->login() C:\wamp64\www\Matrix\route.php:12
[13-Aug-2020 10:18:46 Asia/Tehran] PHP   4. UserController->loginForm() C:\wamp64\www\Matrix\mvc\controller\user.php:10
[13-Aug-2020 10:18:46 Asia/Tehran] PHP   5. View::render() C:\wamp64\www\Matrix\mvc\controller\user.php:32
[13-Aug-2020 10:18:46 Asia/Tehran] PHP   6. require_once() C:\wamp64\www\Matrix\system\view.php:9
[13-Aug-2020 10:18:47 Asia/Tehran] PHP Notice:  Undefined variable: contect in C:\wamp64\www\Matrix\theme\defualt.php on line 10
[13-Aug-2020 10:18:47 Asia/Tehran] PHP Stack trace:
[13-Aug-2020 10:18:47 Asia/Tehran] PHP   1. {main}() C:\wamp64\www\Matrix\index.php:0
[13-Aug-2020 10:18:47 Asia/Tehran] PHP   2. require_once() C:\wamp64\www\Matrix\index.php:2
[13-Aug-2020 10:18:47 Asia/Tehran] PHP   3. UserController->login() C:\wamp64\www\Matrix\route.php:12
[13-Aug-2020 10:18:47 Asia/Tehran] PHP   4. UserController->loginForm() C:\wamp64\www\Matrix\mvc\controller\user.php:10
[13-Aug-2020 10:18:47 Asia/Tehran] PHP   5. View::render() C:\wamp64\www\Matrix\mvc\controller\user.php:32
[13-Aug-2020 10:18:47 Asia/Tehran] PHP   6. require_once() C:\wamp64\www\Matrix\system\view.php:9
[13-Aug-2020 10:18:47 Asia/Tehran] PHP Notice:  Undefined variable: contect in C:\wamp64\www\Matrix\theme\defualt.php on line 10
[13-Aug-2020 10:18:47 Asia/Tehran] PHP Stack trace:
[13-Aug-2020 10:18:47 Asia/Tehran] PHP   1. {main}() C:\wamp64\www\Matrix\index.php:0
[13-Aug-2020 10:18:47 Asia/Tehran] PHP   2. require_once() C:\wamp64\www\Matrix\index.php:2
[13-Aug-2020 10:18:47 Asia/Tehran] PHP   3. UserController->login() C:\wamp64\www\Matrix\route.php:12
[13-Aug-2020 10:18:47 Asia/Tehran] PHP   4. UserController->loginForm() C:\wamp64\www\Matrix\mvc\controller\user.php:10
[13-Aug-2020 10:18:47 Asia/Tehran] PHP   5. View::render() C:\wamp64\www\Matrix\mvc\controller\user.php:32
[13-Aug-2020 10:18:47 Asia/Tehran] PHP   6. require_once() C:\wamp64\www\Matrix\system\view.php:9
[13-Aug-2020 10:18:47 Asia/Tehran] PHP Notice:  Undefined variable: contect in C:\wamp64\www\Matrix\theme\defualt.php on line 10
[13-Aug-2020 10:18:47 Asia/Tehran] PHP Stack trace:
[13-Aug-2020 10:18:47 Asia/Tehran] PHP   1. {main}() C:\wamp64\www\Matrix\index.php:0
[13-Aug-2020 10:18:47 Asia/Tehran] PHP   2. require_once() C:\wamp64\www\Matrix\index.php:2
[13-Aug-2020 10:18:47 Asia/Tehran] PHP   3. UserController->login() C:\wamp64\www\Matrix\route.php:12
[13-Aug-2020 10:18:47 Asia/Tehran] PHP   4. UserController->loginForm() C:\wamp64\www\Matrix\mvc\controller\user.php:10
[13-Aug-2020 10:18:47 Asia/Tehran] PHP   5. View::render() C:\wamp64\www\Matrix\mvc\controller\user.php:32
[13-Aug-2020 10:18:47 Asia/Tehran] PHP   6. require_once() C:\wamp64\www\Matrix\system\view.php:9
[13-Aug-2020 10:18:47 Asia/Tehran] PHP Notice:  Undefined variable: contect in C:\wamp64\www\Matrix\theme\defualt.php on line 10
[13-Aug-2020 10:18:47 Asia/Tehran] PHP Stack trace:
[13-Aug-2020 10:18:47 Asia/Tehran] PHP   1. {main}() C:\wamp64\www\Matrix\index.php:0
[13-Aug-2020 10:18:47 Asia/Tehran] PHP   2. require_once() C:\wamp64\www\Matrix\index.php:2
[13-Aug-2020 10:18:47 Asia/Tehran] PHP   3. UserController->login() C:\wamp64\www\Matrix\route.php:12
[13-Aug-2020 10:18:47 Asia/Tehran] PHP   4. UserController->loginForm() C:\wamp64\www\Matrix\mvc\controller\user.php:10
[13-Aug-2020 10:18:47 Asia/Tehran] PHP   5. View::render() C:\wamp64\www\Matrix\mvc\controller\user.php:32
[13-Aug-2020 10:18:47 Asia/Tehran] PHP   6. require_once() C:\wamp64\www\Matrix\system\view.php:9
[13-Aug-2020 10:18:47 Asia/Tehran] PHP Notice:  Undefined variable: contect in C:\wamp64\www\Matrix\theme\defualt.php on line 10
[13-Aug-2020 10:18:47 Asia/Tehran] PHP Stack trace:
[13-Aug-2020 10:18:47 Asia/Tehran] PHP   1. {main}() C:\wamp64\www\Matrix\index.php:0
[13-Aug-2020 10:18:47 Asia/Tehran] PHP   2. require_once() C:\wamp64\www\Matrix\index.php:2
[13-Aug-2020 10:18:47 Asia/Tehran] PHP   3. UserController->login() C:\wamp64\www\Matrix\route.php:12
[13-Aug-2020 10:18:47 Asia/Tehran] PHP   4. UserController->loginForm() C:\wamp64\www\Matrix\mvc\controller\user.php:10
[13-Aug-2020 10:18:47 Asia/Tehran] PHP   5. View::render() C:\wamp64\www\Matrix\mvc\controller\user.php:32
[13-Aug-2020 10:18:47 Asia/Tehran] PHP   6. require_once() C:\wamp64\www\Matrix\system\view.php:9
[13-Aug-2020 10:19:20 Asia/Tehran] PHP Notice:  Undefined variable: contect in C:\wamp64\www\Matrix\theme\defualt.php on line 10
[13-Aug-2020 10:19:20 Asia/Tehran] PHP Stack trace:
[13-Aug-2020 10:19:20 Asia/Tehran] PHP   1. {main}() C:\wamp64\www\Matrix\index.php:0
[13-Aug-2020 10:19:20 Asia/Tehran] PHP   2. require_once() C:\wamp64\www\Matrix\index.php:2
[13-Aug-2020 10:19:20 Asia/Tehran] PHP   3. UserController->login() C:\wamp64\www\Matrix\route.php:12
[13-Aug-2020 10:19:20 Asia/Tehran] PHP   4. UserController->loginForm() C:\wamp64\www\Matrix\mvc\controller\user.php:10
[13-Aug-2020 10:19:20 Asia/Tehran] PHP   5. View::render() C:\wamp64\www\Matrix\mvc\controller\user.php:32
[13-Aug-2020 10:19:20 Asia/Tehran] PHP   6. require_once() C:\wamp64\www\Matrix\system\view.php:10
[13-Aug-2020 10:23:39 Asia/Tehran] PHP Warning:  extract() expects parameter 1 to be array, string given in C:\wamp64\www\Matrix\system\view.php on line 4
[13-Aug-2020 10:23:39 Asia/Tehran] PHP Stack trace:
[13-Aug-2020 10:23:39 Asia/Tehran] PHP   1. {main}() C:\wamp64\www\Matrix\index.php:0
[13-Aug-2020 10:23:39 Asia/Tehran] PHP   2. require_once() C:\wamp64\www\Matrix\index.php:2
[13-Aug-2020 10:23:39 Asia/Tehran] PHP   3. UserController->login() C:\wamp64\www\Matrix\route.php:12
[13-Aug-2020 10:23:39 Asia/Tehran] PHP   4. UserController->loginForm() C:\wamp64\www\Matrix\mvc\controller\user.php:10
[13-Aug-2020 10:23:39 Asia/Tehran] PHP   5. View::render() C:\wamp64\www\Matrix\mvc\controller\user.php:32
[13-Aug-2020 10:23:39 Asia/Tehran] PHP   6. extract() C:\wamp64\www\Matrix\system\view.php:4
[13-Aug-2020 10:23:39 Asia/Tehran] PHP Fatal error:  Uncaught Error: Call to undefined method UserController::localhost() in C:\wamp64\www\Matrix\route.php:12
Stack trace:
#0 C:\wamp64\www\Matrix\index.php(2): require_once()
#1 {main}
  thrown in C:\wamp64\www\Matrix\route.php on line 12
[13-Aug-2020 10:28:04 Asia/Tehran] PHP Fatal error:  Uncaught Error: Call to undefined method UserController::login?username=sadra&password=sadra12345&submit=++%D9%88%D8%B1%D9%88%D8%AF++() in C:\wamp64\www\Matrix\route.php:12
Stack trace:
#0 C:\wamp64\www\Matrix\index.php(2): require_once()
#1 {main}
  thrown in C:\wamp64\www\Matrix\route.php on line 12
[13-Aug-2020 10:45:36 Asia/Tehran] PHP Fatal error:  Uncaught Error: Call to undefined method UserController::login?username=sadra&password=sadra12345&submit=++%D9%88%D8%B1%D9%88%D8%AF++() in C:\wamp64\www\Matrix\route.php:12
Stack trace:
#0 C:\wamp64\www\Matrix\index.php(2): require_once()
#1 {main}
  thrown in C:\wamp64\www\Matrix\route.php on line 12
[13-Aug-2020 10:46:24 Asia/Tehran] PHP Fatal error:  Uncaught Error: Call to undefined method UserController::login?username=sadra&password=sadra12345&submit=++%D9%88%D8%B1%D9%88%D8%AF++() in C:\wamp64\www\Matrix\route.php:12
Stack trace:
#0 C:\wamp64\www\Matrix\index.php(2): require_once()
#1 {main}
  thrown in C:\wamp64\www\Matrix\route.php on line 12
[13-Aug-2020 10:50:10 Asia/Tehran] PHP Fatal error:  Uncaught ArgumentCountError: Too few arguments to function UserModel::loginCheckUsernamePass(), 0 passed in C:\wamp64\www\Matrix\mvc\controller\user.php on line 17 and exactly 2 expected in C:\wamp64\www\Matrix\mvc\model\user.php:3
Stack trace:
#0 C:\wamp64\www\Matrix\mvc\controller\user.php(17): UserModel::loginCheckUsernamePass()
#1 C:\wamp64\www\Matrix\mvc\controller\user.php(12): UserController->loginCheck('sadra', 'sadra12345')
#2 C:\wamp64\www\Matrix\route.php(12): UserController->login()
#3 C:\wamp64\www\Matrix\index.php(2): require_once('C:\\wamp64\\www\\M...')
#4 {main}
  thrown in C:\wamp64\www\Matrix\mvc\model\user.php on line 3
[13-Aug-2020 10:51:13 Asia/Tehran] PHP Notice:  Trying to get property 'num_rows' of non-object in C:\wamp64\www\Matrix\system\db.php on line 40
[13-Aug-2020 10:51:13 Asia/Tehran] PHP Stack trace:
[13-Aug-2020 10:51:13 Asia/Tehran] PHP   1. {main}() C:\wamp64\www\Matrix\index.php:0
[13-Aug-2020 10:51:13 Asia/Tehran] PHP   2. require_once() C:\wamp64\www\Matrix\index.php:2
[13-Aug-2020 10:51:13 Asia/Tehran] PHP   3. UserController->login() C:\wamp64\www\Matrix\route.php:12
[13-Aug-2020 10:51:13 Asia/Tehran] PHP   4. UserController->loginCheck() C:\wamp64\www\Matrix\mvc\controller\user.php:12
[13-Aug-2020 10:51:13 Asia/Tehran] PHP   5. UserModel::loginCheckUsernamePass() C:\wamp64\www\Matrix\mvc\controller\user.php:17
[13-Aug-2020 10:51:13 Asia/Tehran] PHP   6. Db->selectFirstQuery() C:\wamp64\www\Matrix\mvc\model\user.php:5
[13-Aug-2020 10:51:13 Asia/Tehran] PHP   7. Db->selectQuery() C:\wamp64\www\Matrix\system\db.php:52
[13-Aug-2020 10:51:13 Asia/Tehran] PHP Notice:  Trying to get property 'num_rows' of non-object in C:\wamp64\www\Matrix\system\db.php on line 43
[13-Aug-2020 10:51:13 Asia/Tehran] PHP Stack trace:
[13-Aug-2020 10:51:13 Asia/Tehran] PHP   1. {main}() C:\wamp64\www\Matrix\index.php:0
[13-Aug-2020 10:51:13 Asia/Tehran] PHP   2. require_once() C:\wamp64\www\Matrix\index.php:2
[13-Aug-2020 10:51:13 Asia/Tehran] PHP   3. UserController->login() C:\wamp64\www\Matrix\route.php:12
[13-Aug-2020 10:51:13 Asia/Tehran] PHP   4. UserController->loginCheck() C:\wamp64\www\Matrix\mvc\controller\user.php:12
[13-Aug-2020 10:51:13 Asia/Tehran] PHP   5. UserModel::loginCheckUsernamePass() C:\wamp64\www\Matrix\mvc\controller\user.php:17
[13-Aug-2020 10:51:13 Asia/Tehran] PHP   6. Db->selectFirstQuery() C:\wamp64\www\Matrix\mvc\model\user.php:5
[13-Aug-2020 10:51:13 Asia/Tehran] PHP   7. Db->selectQuery() C:\wamp64\www\Matrix\system\db.php:52
[13-Aug-2020 10:52:17 Asia/Tehran] PHP Notice:  Trying to get property 'num_rows' of non-object in C:\wamp64\www\Matrix\system\db.php on line 40
[13-Aug-2020 10:52:17 Asia/Tehran] PHP Stack trace:
[13-Aug-2020 10:52:17 Asia/Tehran] PHP   1. {main}() C:\wamp64\www\Matrix\index.php:0
[13-Aug-2020 10:52:17 Asia/Tehran] PHP   2. require_once() C:\wamp64\www\Matrix\index.php:2
[13-Aug-2020 10:52:17 Asia/Tehran] PHP   3. UserController->login() C:\wamp64\www\Matrix\route.php:12
[13-Aug-2020 10:52:17 Asia/Tehran] PHP   4. UserController->loginCheck() C:\wamp64\www\Matrix\mvc\controller\user.php:12
[13-Aug-2020 10:52:17 Asia/Tehran] PHP   5. UserModel::loginCheckUsernamePass() C:\wamp64\www\Matrix\mvc\controller\user.php:17
[13-Aug-2020 10:52:17 Asia/Tehran] PHP   6. Db->selectFirstQuery() C:\wamp64\www\Matrix\mvc\model\user.php:5
[13-Aug-2020 10:52:17 Asia/Tehran] PHP   7. Db->selectQuery() C:\wamp64\www\Matrix\system\db.php:52
[13-Aug-2020 10:52:17 Asia/Tehran] PHP Notice:  Trying to get property 'num_rows' of non-object in C:\wamp64\www\Matrix\system\db.php on line 43
[13-Aug-2020 10:52:17 Asia/Tehran] PHP Stack trace:
[13-Aug-2020 10:52:17 Asia/Tehran] PHP   1. {main}() C:\wamp64\www\Matrix\index.php:0
[13-Aug-2020 10:52:17 Asia/Tehran] PHP   2. require_once() C:\wamp64\www\Matrix\index.php:2
[13-Aug-2020 10:52:17 Asia/Tehran] PHP   3. UserController->login() C:\wamp64\www\Matrix\route.php:12
[13-Aug-2020 10:52:17 Asia/Tehran] PHP   4. UserController->loginCheck() C:\wamp64\www\Matrix\mvc\controller\user.php:12
[13-Aug-2020 10:52:17 Asia/Tehran] PHP   5. UserModel::loginCheckUsernamePass() C:\wamp64\www\Matrix\mvc\controller\user.php:17
[13-Aug-2020 10:52:17 Asia/Tehran] PHP   6. Db->selectFirstQuery() C:\wamp64\www\Matrix\mvc\model\user.php:5
[13-Aug-2020 10:52:17 Asia/Tehran] PHP   7. Db->selectQuery() C:\wamp64\www\Matrix\system\db.php:52
[13-Aug-2020 10:53:07 Asia/Tehran] PHP Notice:  Undefined variable: result in C:\wamp64\www\Matrix\system\db.php on line 39
[13-Aug-2020 10:53:07 Asia/Tehran] PHP Stack trace:
[13-Aug-2020 10:53:07 Asia/Tehran] PHP   1. {main}() C:\wamp64\www\Matrix\index.php:0
[13-Aug-2020 10:53:07 Asia/Tehran] PHP   2. require_once() C:\wamp64\www\Matrix\index.php:2
[13-Aug-2020 10:53:07 Asia/Tehran] PHP   3. UserController->login() C:\wamp64\www\Matrix\route.php:12
[13-Aug-2020 10:53:07 Asia/Tehran] PHP   4. UserController->loginCheck() C:\wamp64\www\Matrix\mvc\controller\user.php:12
[13-Aug-2020 10:53:07 Asia/Tehran] PHP   5. UserModel::loginCheckUsernamePass() C:\wamp64\www\Matrix\mvc\controller\user.php:17
[13-Aug-2020 10:53:07 Asia/Tehran] PHP   6. Db->selectFirstQuery() C:\wamp64\www\Matrix\mvc\model\user.php:5
[13-Aug-2020 10:53:07 Asia/Tehran] PHP   7. Db->selectQuery() C:\wamp64\www\Matrix\system\db.php:53
[13-Aug-2020 10:53:07 Asia/Tehran] PHP Notice:  Trying to get property 'num_rows' of non-object in C:\wamp64\www\Matrix\system\db.php on line 41
[13-Aug-2020 10:53:07 Asia/Tehran] PHP Stack trace:
[13-Aug-2020 10:53:07 Asia/Tehran] PHP   1. {main}() C:\wamp64\www\Matrix\index.php:0
[13-Aug-2020 10:53:07 Asia/Tehran] PHP   2. require_once() C:\wamp64\www\Matrix\index.php:2
[13-Aug-2020 10:53:07 Asia/Tehran] PHP   3. UserController->login() C:\wamp64\www\Matrix\route.php:12
[13-Aug-2020 10:53:07 Asia/Tehran] PHP   4. UserController->loginCheck() C:\wamp64\www\Matrix\mvc\controller\user.php:12
[13-Aug-2020 10:53:07 Asia/Tehran] PHP   5. UserModel::loginCheckUsernamePass() C:\wamp64\www\Matrix\mvc\controller\user.php:17
[13-Aug-2020 10:53:07 Asia/Tehran] PHP   6. Db->selectFirstQuery() C:\wamp64\www\Matrix\mvc\model\user.php:5
[13-Aug-2020 10:53:07 Asia/Tehran] PHP   7. Db->selectQuery() C:\wamp64\www\Matrix\system\db.php:53
[13-Aug-2020 10:53:07 Asia/Tehran] PHP Notice:  Trying to get property 'num_rows' of non-object in C:\wamp64\www\Matrix\system\db.php on line 44
[13-Aug-2020 10:53:07 Asia/Tehran] PHP Stack trace:
[13-Aug-2020 10:53:07 Asia/Tehran] PHP   1. {main}() C:\wamp64\www\Matrix\index.php:0
[13-Aug-2020 10:53:07 Asia/Tehran] PHP   2. require_once() C:\wamp64\www\Matrix\index.php:2
[13-Aug-2020 10:53:07 Asia/Tehran] PHP   3. UserController->login() C:\wamp64\www\Matrix\route.php:12
[13-Aug-2020 10:53:07 Asia/Tehran] PHP   4. UserController->loginCheck() C:\wamp64\www\Matrix\mvc\controller\user.php:12
[13-Aug-2020 10:53:07 Asia/Tehran] PHP   5. UserModel::loginCheckUsernamePass() C:\wamp64\www\Matrix\mvc\controller\user.php:17
[13-Aug-2020 10:53:07 Asia/Tehran] PHP   6. Db->selectFirstQuery() C:\wamp64\www\Matrix\mvc\model\user.php:5
[13-Aug-2020 10:53:07 Asia/Tehran] PHP   7. Db->selectQuery() C:\wamp64\www\Matrix\system\db.php:53
[13-Aug-2020 10:54:23 Asia/Tehran] PHP Notice:  Trying to get property 'num_rows' of non-object in C:\wamp64\www\Matrix\system\db.php on line 45
[13-Aug-2020 10:54:23 Asia/Tehran] PHP Stack trace:
[13-Aug-2020 10:54:23 Asia/Tehran] PHP   1. {main}() C:\wamp64\www\Matrix\index.php:0
[13-Aug-2020 10:54:23 Asia/Tehran] PHP   2. require_once() C:\wamp64\www\Matrix\index.php:2
[13-Aug-2020 10:54:23 Asia/Tehran] PHP   3. UserController->login() C:\wamp64\www\Matrix\route.php:12
[13-Aug-2020 10:54:23 Asia/Tehran] PHP   4. UserController->loginCheck() C:\wamp64\www\Matrix\mvc\controller\user.php:12
[13-Aug-2020 10:54:23 Asia/Tehran] PHP   5. UserModel::loginCheckUsernamePass() C:\wamp64\www\Matrix\mvc\controller\user.php:17
[13-Aug-2020 10:54:23 Asia/Tehran] PHP   6. Db->selectFirstQuery() C:\wamp64\www\Matrix\mvc\model\user.php:5
[13-Aug-2020 10:54:23 Asia/Tehran] PHP   7. Db->selectQuery() C:\wamp64\www\Matrix\system\db.php:54
[13-Aug-2020 10:56:12 Asia/Tehran] PHP Notice:  Undefined variable: result in C:\wamp64\www\Matrix\system\db.php on line 40
[13-Aug-2020 10:56:12 Asia/Tehran] PHP Stack trace:
[13-Aug-2020 10:56:12 Asia/Tehran] PHP   1. {main}() C:\wamp64\www\Matrix\index.php:0
[13-Aug-2020 10:56:12 Asia/Tehran] PHP   2. require_once() C:\wamp64\www\Matrix\index.php:2
[13-Aug-2020 10:56:12 Asia/Tehran] PHP   3. UserController->login() C:\wamp64\www\Matrix\route.php:12
[13-Aug-2020 10:56:12 Asia/Tehran] PHP   4. UserController->loginCheck() C:\wamp64\www\Matrix\mvc\controller\user.php:12
[13-Aug-2020 10:56:12 Asia/Tehran] PHP   5. UserModel::loginCheckUsernamePass() C:\wamp64\www\Matrix\mvc\controller\user.php:17
[13-Aug-2020 10:56:12 Asia/Tehran] PHP   6. Db->selectFirstQuery() C:\wamp64\www\Matrix\mvc\model\user.php:5
[13-Aug-2020 10:56:12 Asia/Tehran] PHP   7. Db->selectQuery() C:\wamp64\www\Matrix\system\db.php:55
[13-Aug-2020 11:21:11 Asia/Tehran] PHP Fatal error:  Uncaught Error: Call to undefined method UserController::login?user=sadra&pass=sadra12345&submit=++%D9%88%D8%B1%D9%88%D8%AF++() in C:\wamp64\www\Matrix\route.php:12
Stack trace:
#0 C:\wamp64\www\Matrix\index.php(2): require_once()
#1 {main}
  thrown in C:\wamp64\www\Matrix\route.php on line 12
[13-Aug-2020 16:18:54 Asia/Tehran] PHP Deprecated:  __autoload() is deprecated, use spl_autoload_register() instead in C:\wamp64\www\Matrix\system\core.php on line 2
[13-Aug-2020 16:18:54 Asia/Tehran] PHP Stack trace:
[13-Aug-2020 16:18:54 Asia/Tehran] PHP   1. {main}() C:\wamp64\www\Matrix\index.php:0
[13-Aug-2020 16:18:54 Asia/Tehran] PHP   2. require_once() C:\wamp64\www\Matrix\index.php:2
[13-Aug-2020 16:18:54 Asia/Tehran] PHP   3. require_once() C:\wamp64\www\Matrix\route.php:2
[13-Aug-2020 16:18:54 Asia/Tehran] PHP Notice:  Undefined offset: 2 in C:\wamp64\www\Matrix\route.php on line 9
[13-Aug-2020 16:18:54 Asia/Tehran] PHP Stack trace:
[13-Aug-2020 16:18:54 Asia/Tehran] PHP   1. {main}() C:\wamp64\www\Matrix\index.php:0
[13-Aug-2020 16:18:54 Asia/Tehran] PHP   2. require_once() C:\wamp64\www\Matrix\index.php:2
[13-Aug-2020 16:18:54 Asia/Tehran] PHP Warning:  require_once(./mvc/controller/.php): failed to open stream: No such file or directory in C:\wamp64\www\Matrix\system\core.php on line 6
[13-Aug-2020 16:18:54 Asia/Tehran] PHP Stack trace:
[13-Aug-2020 16:18:54 Asia/Tehran] PHP   1. {main}() C:\wamp64\www\Matrix\index.php:0
[13-Aug-2020 16:18:54 Asia/Tehran] PHP   2. require_once() C:\wamp64\www\Matrix\index.php:2
[13-Aug-2020 16:18:54 Asia/Tehran] PHP   3. __autoload() C:\wamp64\www\Matrix\route.php:11
[13-Aug-2020 16:18:54 Asia/Tehran] PHP Fatal error:  require_once(): Failed opening required './mvc/controller/.php' (include_path='.;C:\php\pear') in C:\wamp64\www\Matrix\system\core.php on line 6
[13-Aug-2020 16:18:54 Asia/Tehran] PHP Stack trace:
[13-Aug-2020 16:18:54 Asia/Tehran] PHP   1. {main}() C:\wamp64\www\Matrix\index.php:0
[13-Aug-2020 16:18:54 Asia/Tehran] PHP   2. require_once() C:\wamp64\www\Matrix\index.php:2
[13-Aug-2020 16:18:54 Asia/Tehran] PHP   3. __autoload() C:\wamp64\www\Matrix\route.php:11
[13-Aug-2020 16:53:45 Asia/Tehran] PHP Fatal error:  Uncaught Error: Call to undefined method UserController::login?user=&pass=&submit=++%D9%88%D8%B1%D9%88%D8%AF++() in C:\wamp64\www\Matrix\route.php:12
Stack trace:
#0 C:\wamp64\www\Matrix\index.php(2): require_once()
#1 {main}
  thrown in C:\wamp64\www\Matrix\route.php on line 12
[13-Aug-2020 16:59:31 Asia/Tehran] PHP Fatal error:  Uncaught Error: Call to undefined method UserController::login?user=&pass=&submit=++%D9%88%D8%B1%D9%88%D8%AF++() in C:\wamp64\www\Matrix\route.php:12
Stack trace:
#0 C:\wamp64\www\Matrix\index.php(2): require_once()
#1 {main}
  thrown in C:\wamp64\www\Matrix\route.php on line 12
[14-Aug-2020 11:24:32 Asia/Tehran] PHP Fatal error:  Uncaught Error: Call to undefined method UserController::login?user=sadra&pass=sadra12345&submit=++%D9%88%D8%B1%D9%88%D8%AF++() in C:\wamp64\www\Matrix\route.php:12
Stack trace:
#0 C:\wamp64\www\Matrix\index.php(2): require_once()
#1 {main}
  thrown in C:\wamp64\www\Matrix\route.php on line 12
[14-Aug-2020 11:24:37 Asia/Tehran] PHP Fatal error:  Uncaught Error: Call to undefined method UserController::login?user=sadra&pass=&submit=++%D9%88%D8%B1%D9%88%D8%AF++() in C:\wamp64\www\Matrix\route.php:12
Stack trace:
#0 C:\wamp64\www\Matrix\index.php(2): require_once()
#1 {main}
  thrown in C:\wamp64\www\Matrix\route.php on line 12
[14-Aug-2020 11:59:07 Asia/Tehran] PHP Fatal error:  Uncaught Error: Call to undefined method UserController::Matrix() in C:\wamp64\www\Matrix\route.php:12
Stack trace:
#0 C:\wamp64\www\Matrix\index.php(2): require_once()
#1 {main}
  thrown in C:\wamp64\www\Matrix\route.php on line 12
[14-Aug-2020 11:59:13 Asia/Tehran] PHP Fatal error:  Uncaught Error: Call to undefined method UserController::Matrix() in C:\wamp64\www\Matrix\route.php:12
Stack trace:
#0 C:\wamp64\www\Matrix\index.php(2): require_once()
#1 {main}
  thrown in C:\wamp64\www\Matrix\route.php on line 12
